#
# There is insufficient memory for the Java Runtime Environment to continue.
# Native memory allocation (malloc) failed to allocate 1048576 bytes. Error detail: AllocateHeap
# Possible reasons:
#   The system is out of physical RAM or swap space
#   This process is running with CompressedOops enabled, and the Java Heap may be blocking the growth of the native heap
# Possible solutions:
#   Reduce memory load on the system
#   Increase physical memory or swap space
#   Check if swap backing store is full
#   Decrease Java heap size (-Xmx/-Xms)
#   Decrease number of Java threads
#   Decrease Java thread stack sizes (-Xss)
#   Set larger code cache with -XX:ReservedCodeCacheSize=
#   JVM is running with Unscaled Compressed Oops mode in which the Java heap is
#     placed in the first 4GB address space. The Java Heap base address is the
#     maximum limit for the native heap growth. Please use -XX:HeapBaseMinAddress
#     to set the Java Heap base and to place the Java Heap above 4GB virtual address.
# This output file may be truncated or incomplete.
#
#  Out of Memory Error (allocation.cpp:44), pid=76988, tid=77880
#
# JRE version: OpenJDK Runtime Environment Temurin-21.0.10+7 (21.0.10+7) (build 21.0.10+7-LTS)
# Java VM: OpenJDK 64-Bit Server VM Temurin-21.0.10+7 (21.0.10+7-LTS, mixed mode, sharing, tiered, compressed oops, compressed class ptrs, parallel gc, windows-amd64)
# No core dump will be written. Minidumps are not enabled by default on client versions of Windows
#

---------------  S U M M A R Y ------------

Command Line: --add-modules=ALL-SYSTEM --add-opens=java.base/java.util=ALL-UNNAMED --add-opens=java.base/java.lang=ALL-UNNAMED --add-opens=java.base/sun.nio.fs=ALL-UNNAMED -Declipse.application=org.eclipse.jdt.ls.core.id1 -Dosgi.bundles.defaultStartLevel=4 -Declipse.product=org.eclipse.jdt.ls.core.product -Djava.import.generatesMetadataFilesAtProjectRoot=false -DDetectVMInstallationsJob.disabled=true -Dfile.encoding=utf8 -XX:+UseParallelGC -XX:GCTimeRatio=4 -XX:AdaptiveSizePolicyWeight=90 -Dsun.zip.disableMemoryMapping=true -Xmx2G -Xms100m -Xlog:disable -javaagent:c:\Users\Hi\.vscode\extensions\redhat.java-1.54.0-win32-x64\lombok\lombok-1.18.39-4050.jar -XX:+HeapDumpOnOutOfMemoryError -XX:HeapDumpPath=c:\Users\Hi\AppData\Roaming\Code\User\workspaceStorage\ba8b2f102f62572c00f315fe9b6c262d\redhat.java -Daether.dependencyCollector.impl=bf c:\Users\Hi\.vscode\extensions\redhat.java-1.54.0-win32-x64\server\plugins\org.eclipse.equinox.launcher_1.7.100.v20251111-0406.jar -configuration c:\Users\Hi\AppData\Roaming\Code\User\globalStorage\redhat.java\1.54.0\config_win -data c:\Users\Hi\AppData\Roaming\Code\User\workspaceStorage\ba8b2f102f62572c00f315fe9b6c262d\redhat.java\jdt_ws --pipe=\\.\pipe\lsp-bb230acd19cc39a212b14bbb0d1da252-sock

Host: AMD Ryzen 5 5625U with Radeon Graphics         , 12 cores, 7G,  Windows 11 , 64 bit Build 26100 (10.0.26100.7920)
Time: Sat Apr 18 21:54:39 2026 SE Asia Standard Time elapsed time: 8118.617337 seconds (0d 2h 15m 18s)

---------------  T H R E A D  ---------------

Current thread (0x0000026c7715e810):  JavaThread "Attach Listener" daemon [_thread_in_vm, id=77880, stack(0x0000007200500000,0x0000007200600000) (1024K)]

Stack: [0x0000007200500000,0x0000007200600000]
Native frames: (J=compiled Java code, j=interpreted, Vv=VM code, C=native code)
V  [jvm.dll+0x6d7a39]
V  [jvm.dll+0x8b4b26]
V  [jvm.dll+0x8b70de]
V  [jvm.dll+0x8b77c3]
V  [jvm.dll+0x284346]
V  [jvm.dll+0xc1277]
V  [jvm.dll+0x6d82e9]
V  [jvm.dll+0x1334a6]
V  [jvm.dll+0x3f857e]
V  [jvm.dll+0x85f59d]
V  [jvm.dll+0x6d626d]
C  [ucrtbase.dll+0x37b0]
C  [KERNEL32.DLL+0x2e8d7]
C  [ntdll.dll+0x8c48c]


---------------  P R O C E S S  ---------------

Threads class SMR info:
_java_thread_list=0x0000026c502031e0, length=42, elements={
0x0000026c6f6ee230, 0x0000026c6f76e410, 0x0000026c77153e20, 0x0000026c7715bda0,
0x0000026c7715e810, 0x0000026c782ac200, 0x0000026c782ae990, 0x0000026c782bbee0,
0x0000026c782de630, 0x0000026c784c8590, 0x0000026c78642140, 0x0000026c799a1620,
0x0000026c79561e80, 0x0000026c7991c880, 0x0000026c7991cef0, 0x0000026c7e3413f0,
0x0000026c7964a450, 0x0000026c7e5abba0, 0x0000026c79553e60, 0x0000026c79551d90,
0x0000026c795537d0, 0x0000026c505a1880, 0x0000026c505a2c30, 0x0000026c505a32c0,
0x0000026c505a25a0, 0x0000026c505a4d00, 0x0000026c505a1f10, 0x0000026c505a3950,
0x0000026c505a6740, 0x0000026c505a4670, 0x0000026c505a5a20, 0x0000026c505a7460,
0x0000026c505a6dd0, 0x0000026c505a5390, 0x0000026c505a60b0, 0x0000026c505a3fe0,
0x0000026c52004970, 0x0000026c7e4b3aa0, 0x0000026c7e4b26f0, 0x0000026c7e4b75b0,
0x0000026c7e4b47c0, 0x0000026c7e4b4e50
}

Java Threads: ( => current thread )
  0x0000026c6f6ee230 JavaThread "main"                              [_thread_blocked, id=74908, stack(0x000000727fe00000,0x000000727ff00000) (1024K)]
  0x0000026c6f76e410 JavaThread "Reference Handler"          daemon [_thread_blocked, id=27812, stack(0x0000007200200000,0x0000007200300000) (1024K)]
  0x0000026c77153e20 JavaThread "Finalizer"                  daemon [_thread_blocked, id=64820, stack(0x0000007200300000,0x0000007200400000) (1024K)]
  0x0000026c7715bda0 JavaThread "Signal Dispatcher"          daemon [_thread_blocked, id=82856, stack(0x0000007200400000,0x0000007200500000) (1024K)]
=>0x0000026c7715e810 JavaThread "Attach Listener"            daemon [_thread_in_vm, id=77880, stack(0x0000007200500000,0x0000007200600000) (1024K)]
  0x0000026c782ac200 JavaThread "Service Thread"             daemon [_thread_blocked, id=75308, stack(0x0000007200600000,0x0000007200700000) (1024K)]
  0x0000026c782ae990 JavaThread "Monitor Deflation Thread"   daemon [_thread_blocked, id=84524, stack(0x0000007200700000,0x0000007200800000) (1024K)]
  0x0000026c782bbee0 JavaThread "C2 CompilerThread0"         daemon [_thread_blocked, id=15992, stack(0x0000007200800000,0x0000007200900000) (1024K)]
  0x0000026c782de630 JavaThread "C1 CompilerThread0"         daemon [_thread_blocked, id=87024, stack(0x0000007200900000,0x0000007200a00000) (1024K)]
  0x0000026c784c8590 JavaThread "Common-Cleaner"             daemon [_thread_blocked, id=76024, stack(0x0000007200b00000,0x0000007200c00000) (1024K)]
  0x0000026c78642140 JavaThread "Notification Thread"        daemon [_thread_blocked, id=39716, stack(0x0000007200a00000,0x0000007200b00000) (1024K)]
  0x0000026c799a1620 JavaThread "Active Thread: Equinox Container: dffbc9a3-744d-49da-84fe-b765f315c70a"        [_thread_blocked, id=75188, stack(0x0000007201300000,0x0000007201400000) (1024K)]
  0x0000026c79561e80 JavaThread "Refresh Thread: Equinox Container: dffbc9a3-744d-49da-84fe-b765f315c70a" daemon [_thread_blocked, id=86480, stack(0x0000007201400000,0x0000007201500000) (1024K)]
  0x0000026c7991c880 JavaThread "Framework Event Dispatcher: Equinox Container: dffbc9a3-744d-49da-84fe-b765f315c70a" daemon [_thread_blocked, id=77016, stack(0x0000007201500000,0x0000007201600000) (1024K)]
  0x0000026c7991cef0 JavaThread "Start Level: Equinox Container: dffbc9a3-744d-49da-84fe-b765f315c70a" daemon [_thread_blocked, id=81840, stack(0x0000007201600000,0x0000007201700000) (1024K)]
  0x0000026c7e3413f0 JavaThread "Bundle File Closer"         daemon [_thread_blocked, id=73200, stack(0x0000007201700000,0x0000007201800000) (1024K)]
  0x0000026c7964a450 JavaThread "SCR Component Actor"        daemon [_thread_blocked, id=81732, stack(0x0000007201a00000,0x0000007201b00000) (1024K)]
  0x0000026c7e5abba0 JavaThread "Worker-JM"                         [_thread_blocked, id=82264, stack(0x0000007201c00000,0x0000007201d00000) (1024K)]
  0x0000026c79553e60 JavaThread "JNA Cleaner"                daemon [_thread_blocked, id=83224, stack(0x0000007201b00000,0x0000007201c00000) (1024K)]
  0x0000026c79551d90 JavaThread "Java indexing"              daemon [_thread_blocked, id=23232, stack(0x0000007202100000,0x0000007202200000) (1024K)]
  0x0000026c795537d0 JavaThread "Thread-1"                   daemon [_thread_in_native, id=80424, stack(0x0000007202600000,0x0000007202700000) (1024K)]
  0x0000026c505a1880 JavaThread "Thread-2"                   daemon [_thread_in_native, id=86596, stack(0x0000007202700000,0x0000007202800000) (1024K)]
  0x0000026c505a2c30 JavaThread "Thread-3"                   daemon [_thread_in_native, id=40092, stack(0x0000007202800000,0x0000007202900000) (1024K)]
  0x0000026c505a32c0 JavaThread "Thread-4"                   daemon [_thread_in_native, id=68456, stack(0x0000007202900000,0x0000007202a00000) (1024K)]
  0x0000026c505a25a0 JavaThread "Thread-5"                   daemon [_thread_in_native, id=83800, stack(0x0000007202a00000,0x0000007202b00000) (1024K)]
  0x0000026c505a4d00 JavaThread "Thread-6"                   daemon [_thread_in_native, id=85332, stack(0x0000007202b00000,0x0000007202c00000) (1024K)]
  0x0000026c505a1f10 JavaThread "Thread-7"                   daemon [_thread_in_native, id=76476, stack(0x0000007202c00000,0x0000007202d00000) (1024K)]
  0x0000026c505a3950 JavaThread "Thread-8"                   daemon [_thread_in_native, id=41528, stack(0x0000007202d00000,0x0000007202e00000) (1024K)]
  0x0000026c505a6740 JavaThread "Thread-9"                   daemon [_thread_in_native, id=42056, stack(0x0000007202e00000,0x0000007202f00000) (1024K)]
  0x0000026c505a4670 JavaThread "Thread-10"                  daemon [_thread_in_native, id=3768, stack(0x0000007202f00000,0x0000007203000000) (1024K)]
  0x0000026c505a5a20 JavaThread "Thread-11"                  daemon [_thread_in_native, id=61136, stack(0x0000007203000000,0x0000007203100000) (1024K)]
  0x0000026c505a7460 JavaThread "Thread-12"                  daemon [_thread_in_native, id=56916, stack(0x0000007203100000,0x0000007203200000) (1024K)]
  0x0000026c505a6dd0 JavaThread "Thread-13"                  daemon [_thread_in_native, id=35280, stack(0x0000007203200000,0x0000007203300000) (1024K)]
  0x0000026c505a5390 JavaThread "pool-2-thread-1"                   [_thread_blocked, id=85680, stack(0x0000007203300000,0x0000007203400000) (1024K)]
  0x0000026c505a60b0 JavaThread "WorkspaceEventsHandler"            [_thread_blocked, id=27104, stack(0x0000007203500000,0x0000007203600000) (1024K)]
  0x0000026c505a3fe0 JavaThread "pool-1-thread-1"                   [_thread_blocked, id=67388, stack(0x0000007203600000,0x0000007203700000) (1024K)]
  0x0000026c52004970 JavaThread "Cleaner-0"                  daemon [_thread_blocked, id=80252, stack(0x0000007204200000,0x0000007204300000) (1024K)]
  0x0000026c7e4b3aa0 JavaThread "Worker-60"                         [_thread_blocked, id=92888, stack(0x0000007201d00000,0x0000007201e00000) (1024K)]
  0x0000026c7e4b26f0 JavaThread "Worker-61"                         [_thread_blocked, id=78936, stack(0x0000007201f00000,0x0000007202000000) (1024K)]
  0x0000026c7e4b75b0 JavaThread "Worker-63"                         [_thread_blocked, id=89196, stack(0x0000007201e00000,0x0000007201f00000) (1024K)]
  0x0000026c7e4b47c0 JavaThread "Worker-64"                         [_thread_blocked, id=88132, stack(0x0000007202000000,0x0000007202100000) (1024K)]
  0x0000026c7e4b4e50 JavaThread "Worker-65"                         [_thread_blocked, id=93464, stack(0x0000007202200000,0x0000007202300000) (1024K)]
Total: 42

Other Threads:
  0x0000026c771446d0 VMThread "VM Thread"                           [id=63132, stack(0x0000007200100000,0x0000007200200000) (1024K)]
  0x0000026c7703ca00 WatcherThread "VM Periodic Task Thread"        [id=82444, stack(0x0000007200000000,0x0000007200100000) (1024K)]
  0x0000026c6f704300 WorkerThread "GC Thread#0"                     [id=55968, stack(0x000000727ff00000,0x0000007280000000) (1024K)]
  0x0000026c79809ed0 WorkerThread "GC Thread#1"                     [id=84376, stack(0x0000007200d00000,0x0000007200e00000) (1024K)]
  0x0000026c798b8770 WorkerThread "GC Thread#2"                     [id=77736, stack(0x0000007200e00000,0x0000007200f00000) (1024K)]
  0x0000026c7980a280 WorkerThread "GC Thread#3"                     [id=85516, stack(0x0000007200f00000,0x0000007201000000) (1024K)]
  0x0000026c79c3d470 WorkerThread "GC Thread#4"                     [id=43276, stack(0x0000007201000000,0x0000007201100000) (1024K)]
  0x0000026c79c3d820 WorkerThread "GC Thread#5"                     [id=32980, stack(0x0000007201100000,0x0000007201200000) (1024K)]
  0x0000026c79c3dbd0 WorkerThread "GC Thread#6"                     [id=68200, stack(0x0000007201200000,0x0000007201300000) (1024K)]
  0x0000026c79b309e0 WorkerThread "GC Thread#7"                     [id=76708, stack(0x0000007200c00000,0x0000007200d00000) (1024K)]
  0x0000026c7e1058a0 WorkerThread "GC Thread#8"                     [id=82740, stack(0x0000007201800000,0x0000007201900000) (1024K)]
  0x0000026c7e105c50 WorkerThread "GC Thread#9"                     [id=43376, stack(0x0000007201900000,0x0000007201a00000) (1024K)]
Total: 12

Threads with active compile tasks:
Total: 0

VM state: not at safepoint (normal execution)

VM Mutex/Monitor currently owned by a thread: None

Heap address: 0x0000000080000000, size: 2048 MB, Compressed Oops mode: 32-bit

CDS archive(s) mapped at: [0x0000026c0f000000-0x0000026c0fba0000-0x0000026c0fba0000), size 12189696, SharedBaseAddress: 0x0000026c0f000000, ArchiveRelocationMode: 1.
Compressed class space mapped at: 0x0000026c10000000-0x0000026c50000000, reserved size: 1073741824
Narrow klass base: 0x0000026c0f000000, Narrow klass shift: 0, Narrow klass range: 0x100000000

GC Precious Log:
 CardTable entry size: 512
 CPUs: 12 total, 12 available
 Memory: 7531M
 Large Page Support: Disabled
 NUMA Support: Disabled
 Compressed Oops: Enabled (32-bit)
 Alignments: Space 512K, Generation 512K, Heap 2M
 Heap Min Capacity: 100M
 Heap Initial Capacity: 100M
 Heap Max Capacity: 2G
 Pre-touch: Disabled
 Parallel Workers: 10

Heap:
 PSYoungGen      total 4608K, used 586K [0x00000000d5580000, 0x00000000d5c00000, 0x0000000100000000)
  eden space 4096K, 4% used [0x00000000d5580000,0x00000000d55b2818,0x00000000d5980000)
  from space 512K, 75% used [0x00000000d5b00000,0x00000000d5b60020,0x00000000d5b80000)
  to   space 512K, 0% used [0x00000000d5b80000,0x00000000d5b80000,0x00000000d5c00000)
 ParOldGen       total 851456K, used 851349K [0x0000000080000000, 0x00000000b3f80000, 0x00000000d5580000)
  object space 851456K, 99% used [0x0000000080000000,0x00000000b3f65750,0x00000000b3f80000)
 Metaspace       used 86523K, committed 88192K, reserved 1179648K
  class space    used 8771K, committed 9600K, reserved 1048576K

Card table byte_map: [0x0000026c6f050000,0x0000026c6f460000] _byte_map_base: 0x0000026c6ec50000

Marking Bits: (ParMarkBitMap*) 0x00007ffed73b3450
 Begin Bits: [0x0000026c72b60000, 0x0000026c74b60000)
 End Bits:   [0x0000026c74b60000, 0x0000026c76b60000)

Polling page: 0x0000026c6d540000

Metaspace:

Usage:
  Non-class:     75.93 MB used.
      Class:      8.57 MB used.
       Both:     84.50 MB used.

Virtual space:
  Non-class space:      128.00 MB reserved,      76.75 MB ( 60%) committed,  2 nodes.
      Class space:        1.00 GB reserved,       9.38 MB ( <1%) committed,  1 nodes.
             Both:        1.12 GB reserved,      86.12 MB (  7%) committed. 

Chunk freelists:
   Non-Class:  3.25 MB
       Class:  6.52 MB
        Both:  9.78 MB

MaxMetaspaceSize: unlimited
CompressedClassSpaceSize: 1.00 GB
Initial GC threshold: 21.00 MB
Current GC threshold: 135.94 MB
CDS: on
 - commit_granule_bytes: 65536.
 - commit_granule_words: 8192.
 - virtual_space_node_default_size: 8388608.
 - enlarge_chunks_in_place: 1.
 - use_allocation_guard: 0.


Internal statistics:

num_allocs_failed_limit: 9.
num_arena_births: 1706.
num_arena_deaths: 368.
num_vsnodes_births: 3.
num_vsnodes_deaths: 0.
num_space_committed: 1378.
num_space_uncommitted: 0.
num_chunks_returned_to_freelist: 445.
num_chunks_taken_from_freelist: 6248.
num_chunk_merges: 114.
num_chunk_splits: 3521.
num_chunks_enlarged: 1801.
num_inconsistent_stats: 0.

CodeHeap 'non-profiled nmethods': size=120000Kb used=17159Kb max_used=17159Kb free=102840Kb
 bounds [0x0000026c07ad0000, 0x0000026c08ba0000, 0x0000026c0f000000]
CodeHeap 'profiled nmethods': size=120000Kb used=49034Kb max_used=49034Kb free=70965Kb
 bounds [0x0000026c00000000, 0x0000026c02ff0000, 0x0000026c07530000]
CodeHeap 'non-nmethods': size=5760Kb used=1527Kb max_used=1612Kb free=4232Kb
 bounds [0x0000026c07530000, 0x0000026c077a0000, 0x0000026c07ad0000]
CodeCache: size=245760Kb, used=67720Kb, max_used=67805Kb, free=178037Kb
 total_blobs=20604, nmethods=19758, adapters=746, full_count=0
Compilation: enabled, stopped_count=0, restarted_count=0

Compilation events (20 events):
Event: 8107.688 Thread 0x0000026c782bbee0 nmethod 21716 0x0000026c08b90990 code [0x0000026c08b90b20, 0x0000026c08b90c08]
Event: 8107.696 Thread 0x0000026c782de630 nmethod 21714 0x0000026c02fdb590 code [0x0000026c02fdb740, 0x0000026c02fdb940]
Event: 8107.696 Thread 0x0000026c782de630 21715       3       org.apache.maven.plugin.MojoExecution::getArtifactId (26 bytes)
Event: 8107.697 Thread 0x0000026c782de630 nmethod 21715 0x0000026c02fdba90 code [0x0000026c02fdbc40, 0x0000026c02fdbe40]
Event: 8107.814 Thread 0x0000026c782de630 21717   !   3       sun.util.locale.provider.JRELocaleProviderAdapter::getCalendarProvider (51 bytes)
Event: 8107.822 Thread 0x0000026c782de630 nmethod 21717 0x0000026c02fdbf90 code [0x0000026c02fdc1e0, 0x0000026c02fdcca0]
Event: 8107.923 Thread 0x0000026c782de630 21718       3       org.eclipse.aether.repository.WorkspaceRepository::equals (66 bytes)
Event: 8107.925 Thread 0x0000026c782de630 nmethod 21718 0x0000026c02fdd010 code [0x0000026c02fdd220, 0x0000026c02fdd848]
Event: 8107.925 Thread 0x0000026c782de630 21719       1       org.apache.maven.plugin.DefaultPluginDescriptorCache$CacheKey::hashCode (5 bytes)
Event: 8107.926 Thread 0x0000026c782de630 nmethod 21719 0x0000026c08b90d10 code [0x0000026c08b90ea0, 0x0000026c08b90f68]
Event: 8107.929 Thread 0x0000026c782de630 21720       3       java.util.Calendar::defaultTimeZone (39 bytes)
Event: 8107.937 Thread 0x0000026c782bbee0 21723       4       java.lang.StringBuilder::append (9 bytes)
Event: 8107.943 Thread 0x0000026c782de630 nmethod 21720 0x0000026c02fdda10 code [0x0000026c02fddd60, 0x0000026c02fdf1d8]
Event: 8107.943 Thread 0x0000026c782de630 21721   !   3       java.util.Calendar::createCalendar (289 bytes)
Event: 8107.960 Thread 0x0000026c782de630 nmethod 21721 0x0000026c02fdf890 code [0x0000026c02fdfc60, 0x0000026c02fe11c0]
Event: 8107.960 Thread 0x0000026c782de630 21722       3       sun.util.locale.provider.CalendarProviderImpl::getInstance (25 bytes)
Event: 8107.961 Thread 0x0000026c782de630 nmethod 21722 0x0000026c02fe1a90 code [0x0000026c02fe1cc0, 0x0000026c02fe23e0]
Event: 8107.978 Thread 0x0000026c782bbee0 nmethod 21723 0x0000026c08b91010 code [0x0000026c08b91200, 0x0000026c08b919e0]
Event: 8108.104 Thread 0x0000026c782de630 21724   !   3       org.eclipse.core.internal.resources.ModelObject::clone (8 bytes)
Event: 8108.105 Thread 0x0000026c782de630 nmethod 21724 0x0000026c02fe2690 code [0x0000026c02fe2840, 0x0000026c02fe29d0]

GC Heap History (20 events):
Event: 7357.334 GC heap before
{Heap before GC invocations=944 (full 4):
 PSYoungGen      total 5120K, used 4736K [0x00000000d5580000, 0x00000000d5e00000, 0x0000000100000000)
  eden space 4096K, 100% used [0x00000000d5580000,0x00000000d5980000,0x00000000d5980000)
  from space 1024K, 62% used [0x00000000d5c00000,0x00000000d5ca0000,0x00000000d5d00000)
  to   space 1024K, 0% used [0x00000000d5d00000,0x00000000d5d00000,0x00000000d5e00000)
 ParOldGen       total 847360K, used 846859K [0x0000000080000000, 0x00000000b3b80000, 0x00000000d5580000)
  object space 847360K, 99% used [0x0000000080000000,0x00000000b3b02ff8,0x00000000b3b80000)
 Metaspace       used 86483K, committed 88192K, reserved 1179648K
  class space    used 8771K, committed 9600K, reserved 1048576K
}
Event: 7357.340 GC heap after
{Heap after GC invocations=944 (full 4):
 PSYoungGen      total 5120K, used 756K [0x00000000d5580000, 0x00000000d5e00000, 0x0000000100000000)
  eden space 4096K, 0% used [0x00000000d5580000,0x00000000d5580000,0x00000000d5980000)
  from space 1024K, 73% used [0x00000000d5d00000,0x00000000d5dbd220,0x00000000d5e00000)
  to   space 1024K, 0% used [0x00000000d5c00000,0x00000000d5c00000,0x00000000d5d00000)
 ParOldGen       total 847360K, used 847332K [0x0000000080000000, 0x00000000b3b80000, 0x00000000d5580000)
  object space 847360K, 99% used [0x0000000080000000,0x00000000b3b79018,0x00000000b3b80000)
 Metaspace       used 86483K, committed 88192K, reserved 1179648K
  class space    used 8771K, committed 9600K, reserved 1048576K
}
Event: 7357.378 GC heap before
{Heap before GC invocations=945 (full 4):
 PSYoungGen      total 5120K, used 4852K [0x00000000d5580000, 0x00000000d5e00000, 0x0000000100000000)
  eden space 4096K, 100% used [0x00000000d5580000,0x00000000d5980000,0x00000000d5980000)
  from space 1024K, 73% used [0x00000000d5d00000,0x00000000d5dbd220,0x00000000d5e00000)
  to   space 1024K, 0% used [0x00000000d5c00000,0x00000000d5c00000,0x00000000d5d00000)
 ParOldGen       total 847360K, used 847332K [0x0000000080000000, 0x00000000b3b80000, 0x00000000d5580000)
  object space 847360K, 99% used [0x0000000080000000,0x00000000b3b79018,0x00000000b3b80000)
 Metaspace       used 86483K, committed 88192K, reserved 1179648K
  class space    used 8771K, committed 9600K, reserved 1048576K
}
Event: 7357.391 GC heap after
{Heap after GC invocations=945 (full 4):
 PSYoungGen      total 5120K, used 544K [0x00000000d5580000, 0x00000000d5d80000, 0x0000000100000000)
  eden space 4096K, 0% used [0x00000000d5580000,0x00000000d5580000,0x00000000d5980000)
  from space 1024K, 53% used [0x00000000d5c00000,0x00000000d5c88020,0x00000000d5d00000)
  to   space 512K, 0% used [0x00000000d5d00000,0x00000000d5d00000,0x00000000d5d80000)
 ParOldGen       total 848384K, used 847936K [0x0000000080000000, 0x00000000b3c80000, 0x00000000d5580000)
  object space 848384K, 99% used [0x0000000080000000,0x00000000b3c101b8,0x00000000b3c80000)
 Metaspace       used 86483K, committed 88192K, reserved 1179648K
  class space    used 8771K, committed 9600K, reserved 1048576K
}
Event: 7357.409 GC heap before
{Heap before GC invocations=946 (full 4):
 PSYoungGen      total 5120K, used 4640K [0x00000000d5580000, 0x00000000d5d80000, 0x0000000100000000)
  eden space 4096K, 100% used [0x00000000d5580000,0x00000000d5980000,0x00000000d5980000)
  from space 1024K, 53% used [0x00000000d5c00000,0x00000000d5c88020,0x00000000d5d00000)
  to   space 512K, 0% used [0x00000000d5d00000,0x00000000d5d00000,0x00000000d5d80000)
 ParOldGen       total 848384K, used 847936K [0x0000000080000000, 0x00000000b3c80000, 0x00000000d5580000)
  object space 848384K, 99% used [0x0000000080000000,0x00000000b3c101b8,0x00000000b3c80000)
 Metaspace       used 86483K, committed 88192K, reserved 1179648K
  class space    used 8771K, committed 9600K, reserved 1048576K
}
Event: 7357.416 GC heap after
{Heap after GC invocations=946 (full 4):
 PSYoungGen      total 4608K, used 496K [0x00000000d5580000, 0x00000000d5d80000, 0x0000000100000000)
  eden space 4096K, 0% used [0x00000000d5580000,0x00000000d5580000,0x00000000d5980000)
  from space 512K, 96% used [0x00000000d5d00000,0x00000000d5d7c010,0x00000000d5d80000)
  to   space 1024K, 0% used [0x00000000d5b80000,0x00000000d5b80000,0x00000000d5c80000)
 ParOldGen       total 848384K, used 848343K [0x0000000080000000, 0x00000000b3c80000, 0x00000000d5580000)
  object space 848384K, 99% used [0x0000000080000000,0x00000000b3c75e00,0x00000000b3c80000)
 Metaspace       used 86483K, committed 88192K, reserved 1179648K
  class space    used 8771K, committed 9600K, reserved 1048576K
}
Event: 7357.448 GC heap before
{Heap before GC invocations=947 (full 4):
 PSYoungGen      total 4608K, used 4592K [0x00000000d5580000, 0x00000000d5d80000, 0x0000000100000000)
  eden space 4096K, 100% used [0x00000000d5580000,0x00000000d5980000,0x00000000d5980000)
  from space 512K, 96% used [0x00000000d5d00000,0x00000000d5d7c010,0x00000000d5d80000)
  to   space 1024K, 0% used [0x00000000d5b80000,0x00000000d5b80000,0x00000000d5c80000)
 ParOldGen       total 848384K, used 848343K [0x0000000080000000, 0x00000000b3c80000, 0x00000000d5580000)
  object space 848384K, 99% used [0x0000000080000000,0x00000000b3c75e00,0x00000000b3c80000)
 Metaspace       used 86483K, committed 88192K, reserved 1179648K
  class space    used 8771K, committed 9600K, reserved 1048576K
}
Event: 7357.452 GC heap after
{Heap after GC invocations=947 (full 4):
 PSYoungGen      total 5120K, used 720K [0x00000000d5580000, 0x00000000d5d80000, 0x0000000100000000)
  eden space 4096K, 0% used [0x00000000d5580000,0x00000000d5580000,0x00000000d5980000)
  from space 1024K, 70% used [0x00000000d5b80000,0x00000000d5c34010,0x00000000d5c80000)
  to   space 1024K, 0% used [0x00000000d5c80000,0x00000000d5c80000,0x00000000d5d80000)
 ParOldGen       total 848896K, used 848695K [0x0000000080000000, 0x00000000b3d00000, 0x00000000d5580000)
  object space 848896K, 99% used [0x0000000080000000,0x00000000b3ccde20,0x00000000b3d00000)
 Metaspace       used 86483K, committed 88192K, reserved 1179648K
  class space    used 8771K, committed 9600K, reserved 1048576K
}
Event: 7357.587 GC heap before
{Heap before GC invocations=948 (full 4):
 PSYoungGen      total 5120K, used 4816K [0x00000000d5580000, 0x00000000d5d80000, 0x0000000100000000)
  eden space 4096K, 100% used [0x00000000d5580000,0x00000000d5980000,0x00000000d5980000)
  from space 1024K, 70% used [0x00000000d5b80000,0x00000000d5c34010,0x00000000d5c80000)
  to   space 1024K, 0% used [0x00000000d5c80000,0x00000000d5c80000,0x00000000d5d80000)
 ParOldGen       total 848896K, used 848695K [0x0000000080000000, 0x00000000b3d00000, 0x00000000d5580000)
  object space 848896K, 99% used [0x0000000080000000,0x00000000b3ccde20,0x00000000b3d00000)
 Metaspace       used 86484K, committed 88192K, reserved 1179648K
  class space    used 8771K, committed 9600K, reserved 1048576K
}
Event: 7357.591 GC heap after
{Heap after GC invocations=948 (full 4):
 PSYoungGen      total 5120K, used 1018K [0x00000000d5580000, 0x00000000d5d80000, 0x0000000100000000)
  eden space 4096K, 0% used [0x00000000d5580000,0x00000000d5580000,0x00000000d5980000)
  from space 1024K, 99% used [0x00000000d5c80000,0x00000000d5d7e900,0x00000000d5d80000)
  to   space 1536K, 0% used [0x00000000d5a80000,0x00000000d5a80000,0x00000000d5c00000)
 ParOldGen       total 849408K, used 849225K [0x0000000080000000, 0x00000000b3d80000, 0x00000000d5580000)
  object space 849408K, 99% used [0x0000000080000000,0x00000000b3d52780,0x00000000b3d80000)
 Metaspace       used 86484K, committed 88192K, reserved 1179648K
  class space    used 8771K, committed 9600K, reserved 1048576K
}
Event: 7357.645 GC heap before
{Heap before GC invocations=949 (full 4):
 PSYoungGen      total 5120K, used 5114K [0x00000000d5580000, 0x00000000d5d80000, 0x0000000100000000)
  eden space 4096K, 100% used [0x00000000d5580000,0x00000000d5980000,0x00000000d5980000)
  from space 1024K, 99% used [0x00000000d5c80000,0x00000000d5d7e900,0x00000000d5d80000)
  to   space 1536K, 0% used [0x00000000d5a80000,0x00000000d5a80000,0x00000000d5c00000)
 ParOldGen       total 849408K, used 849225K [0x0000000080000000, 0x00000000b3d80000, 0x00000000d5580000)
  object space 849408K, 99% used [0x0000000080000000,0x00000000b3d52780,0x00000000b3d80000)
 Metaspace       used 86485K, committed 88192K, reserved 1179648K
  class space    used 8771K, committed 9600K, reserved 1048576K
}
Event: 7357.650 GC heap after
{Heap after GC invocations=949 (full 4):
 PSYoungGen      total 5632K, used 592K [0x00000000d5580000, 0x00000000d5d00000, 0x0000000100000000)
  eden space 4096K, 0% used [0x00000000d5580000,0x00000000d5580000,0x00000000d5980000)
  from space 1536K, 38% used [0x00000000d5a80000,0x00000000d5b14030,0x00000000d5c00000)
  to   space 1024K, 0% used [0x00000000d5c00000,0x00000000d5c00000,0x00000000d5d00000)
 ParOldGen       total 850432K, used 850103K [0x0000000080000000, 0x00000000b3e80000, 0x00000000d5580000)
  object space 850432K, 99% used [0x0000000080000000,0x00000000b3e2df20,0x00000000b3e80000)
 Metaspace       used 86485K, committed 88192K, reserved 1179648K
  class space    used 8771K, committed 9600K, reserved 1048576K
}
Event: 7357.699 GC heap before
{Heap before GC invocations=950 (full 4):
 PSYoungGen      total 5632K, used 4688K [0x00000000d5580000, 0x00000000d5d00000, 0x0000000100000000)
  eden space 4096K, 100% used [0x00000000d5580000,0x00000000d5980000,0x00000000d5980000)
  from space 1536K, 38% used [0x00000000d5a80000,0x00000000d5b14030,0x00000000d5c00000)
  to   space 1024K, 0% used [0x00000000d5c00000,0x00000000d5c00000,0x00000000d5d00000)
 ParOldGen       total 850432K, used 850103K [0x0000000080000000, 0x00000000b3e80000, 0x00000000d5580000)
  object space 850432K, 99% used [0x0000000080000000,0x00000000b3e2df20,0x00000000b3e80000)
 Metaspace       used 86488K, committed 88192K, reserved 1179648K
  class space    used 8771K, committed 9600K, reserved 1048576K
}
Event: 7357.706 GC heap after
{Heap after GC invocations=950 (full 4):
 PSYoungGen      total 5120K, used 672K [0x00000000d5580000, 0x00000000d5d00000, 0x0000000100000000)
  eden space 4096K, 0% used [0x00000000d5580000,0x00000000d5580000,0x00000000d5980000)
  from space 1024K, 65% used [0x00000000d5c00000,0x00000000d5ca8020,0x00000000d5d00000)
  to   space 1024K, 0% used [0x00000000d5b00000,0x00000000d5b00000,0x00000000d5c00000)
 ParOldGen       total 850944K, used 850575K [0x0000000080000000, 0x00000000b3f00000, 0x00000000d5580000)
  object space 850944K, 99% used [0x0000000080000000,0x00000000b3ea3f60,0x00000000b3f00000)
 Metaspace       used 86488K, committed 88192K, reserved 1179648K
  class space    used 8771K, committed 9600K, reserved 1048576K
}
Event: 7900.484 GC heap before
{Heap before GC invocations=951 (full 4):
 PSYoungGen      total 5120K, used 4767K [0x00000000d5580000, 0x00000000d5d00000, 0x0000000100000000)
  eden space 4096K, 99% used [0x00000000d5580000,0x00000000d597ff30,0x00000000d5980000)
  from space 1024K, 65% used [0x00000000d5c00000,0x00000000d5ca8020,0x00000000d5d00000)
  to   space 1024K, 0% used [0x00000000d5b00000,0x00000000d5b00000,0x00000000d5c00000)
 ParOldGen       total 850944K, used 850575K [0x0000000080000000, 0x00000000b3f00000, 0x00000000d5580000)
  object space 850944K, 99% used [0x0000000080000000,0x00000000b3ea3f60,0x00000000b3f00000)
 Metaspace       used 86499K, committed 88192K, reserved 1179648K
  class space    used 8771K, committed 9600K, reserved 1048576K
}
Event: 7900.690 GC heap after
{Heap after GC invocations=951 (full 4):
 PSYoungGen      total 4608K, used 448K [0x00000000d5580000, 0x00000000d5c80000, 0x0000000100000000)
  eden space 4096K, 0% used [0x00000000d5580000,0x00000000d5580000,0x00000000d5980000)
  from space 512K, 87% used [0x00000000d5b00000,0x00000000d5b70000,0x00000000d5b80000)
  to   space 1024K, 0% used [0x00000000d5b80000,0x00000000d5b80000,0x00000000d5c80000)
 ParOldGen       total 851456K, used 851069K [0x0000000080000000, 0x00000000b3f80000, 0x00000000d5580000)
  object space 851456K, 99% used [0x0000000080000000,0x00000000b3f1f720,0x00000000b3f80000)
 Metaspace       used 86499K, committed 88192K, reserved 1179648K
  class space    used 8771K, committed 9600K, reserved 1048576K
}
Event: 8106.995 GC heap before
{Heap before GC invocations=952 (full 4):
 PSYoungGen      total 4608K, used 4544K [0x00000000d5580000, 0x00000000d5c80000, 0x0000000100000000)
  eden space 4096K, 100% used [0x00000000d5580000,0x00000000d5980000,0x00000000d5980000)
  from space 512K, 87% used [0x00000000d5b00000,0x00000000d5b70000,0x00000000d5b80000)
  to   space 1024K, 0% used [0x00000000d5b80000,0x00000000d5b80000,0x00000000d5c80000)
 ParOldGen       total 851456K, used 851069K [0x0000000080000000, 0x00000000b3f80000, 0x00000000d5580000)
  object space 851456K, 99% used [0x0000000080000000,0x00000000b3f1f720,0x00000000b3f80000)
 Metaspace       used 86509K, committed 88192K, reserved 1179648K
  class space    used 8771K, committed 9600K, reserved 1048576K
}
Event: 8107.183 GC heap after
{Heap after GC invocations=952 (full 4):
 PSYoungGen      total 4608K, used 320K [0x00000000d5580000, 0x00000000d5c00000, 0x0000000100000000)
  eden space 4096K, 0% used [0x00000000d5580000,0x00000000d5580000,0x00000000d5980000)
  from space 512K, 62% used [0x00000000d5b80000,0x00000000d5bd0020,0x00000000d5c00000)
  to   space 512K, 0% used [0x00000000d5b00000,0x00000000d5b00000,0x00000000d5b80000)
 ParOldGen       total 851456K, used 851189K [0x0000000080000000, 0x00000000b3f80000, 0x00000000d5580000)
  object space 851456K, 99% used [0x0000000080000000,0x00000000b3f3d730,0x00000000b3f80000)
 Metaspace       used 86509K, committed 88192K, reserved 1179648K
  class space    used 8771K, committed 9600K, reserved 1048576K
}
Event: 8108.096 GC heap before
{Heap before GC invocations=953 (full 4):
 PSYoungGen      total 4608K, used 4416K [0x00000000d5580000, 0x00000000d5c00000, 0x0000000100000000)
  eden space 4096K, 100% used [0x00000000d5580000,0x00000000d5980000,0x00000000d5980000)
  from space 512K, 62% used [0x00000000d5b80000,0x00000000d5bd0020,0x00000000d5c00000)
  to   space 512K, 0% used [0x00000000d5b00000,0x00000000d5b00000,0x00000000d5b80000)
 ParOldGen       total 851456K, used 851189K [0x0000000080000000, 0x00000000b3f80000, 0x00000000d5580000)
  object space 851456K, 99% used [0x0000000080000000,0x00000000b3f3d730,0x00000000b3f80000)
 Metaspace       used 86523K, committed 88192K, reserved 1179648K
  class space    used 8771K, committed 9600K, reserved 1048576K
}
Event: 8108.099 GC heap after
{Heap after GC invocations=953 (full 4):
 PSYoungGen      total 4608K, used 384K [0x00000000d5580000, 0x00000000d5c00000, 0x0000000100000000)
  eden space 4096K, 0% used [0x00000000d5580000,0x00000000d5580000,0x00000000d5980000)
  from space 512K, 75% used [0x00000000d5b00000,0x00000000d5b60020,0x00000000d5b80000)
  to   space 512K, 0% used [0x00000000d5b80000,0x00000000d5b80000,0x00000000d5c00000)
 ParOldGen       total 851456K, used 851349K [0x0000000080000000, 0x00000000b3f80000, 0x00000000d5580000)
  object space 851456K, 99% used [0x0000000080000000,0x00000000b3f65750,0x00000000b3f80000)
 Metaspace       used 86523K, committed 88192K, reserved 1179648K
  class space    used 8771K, committed 9600K, reserved 1048576K
}

Dll operation events (12 events):
Event: 0.045 Loaded shared library c:\Users\Hi\.vscode\extensions\redhat.java-1.54.0-win32-x64\jre\21.0.10-win32-x86_64\bin\java.dll
Event: 0.195 Loaded shared library c:\Users\Hi\.vscode\extensions\redhat.java-1.54.0-win32-x64\jre\21.0.10-win32-x86_64\bin\zip.dll
Event: 0.273 Loaded shared library C:\Users\Hi\.vscode\extensions\redhat.java-1.54.0-win32-x64\jre\21.0.10-win32-x86_64\bin\instrument.dll
Event: 0.289 Loaded shared library C:\Users\Hi\.vscode\extensions\redhat.java-1.54.0-win32-x64\jre\21.0.10-win32-x86_64\bin\net.dll
Event: 0.302 Loaded shared library C:\Users\Hi\.vscode\extensions\redhat.java-1.54.0-win32-x64\jre\21.0.10-win32-x86_64\bin\nio.dll
Event: 0.314 Loaded shared library C:\Users\Hi\.vscode\extensions\redhat.java-1.54.0-win32-x64\jre\21.0.10-win32-x86_64\bin\zip.dll
Event: 0.360 Loaded shared library C:\Users\Hi\.vscode\extensions\redhat.java-1.54.0-win32-x64\jre\21.0.10-win32-x86_64\bin\jimage.dll
Event: 0.638 Loaded shared library c:\Users\Hi\.vscode\extensions\redhat.java-1.54.0-win32-x64\jre\21.0.10-win32-x86_64\bin\verify.dll
Event: 3.808 Loaded shared library C:\Users\Hi\AppData\Roaming\Code\User\globalStorage\redhat.java\1.54.0\config_win\org.eclipse.equinox.launcher\org.eclipse.equinox.launcher.win32.win32.x86_64_1.3.0.v20260203-2149\eclipse_11919.dll
Event: 8.849 Loaded shared library C:\Users\Hi\AppData\Local\Temp\jna-2337\jna15430837092191125993.dll
Event: 15.349 Loaded shared library C:\Users\Hi\.vscode\extensions\redhat.java-1.54.0-win32-x64\jre\21.0.10-win32-x86_64\bin\sunmscapi.dll
Event: 15.588 Loaded shared library C:\Users\Hi\.vscode\extensions\redhat.java-1.54.0-win32-x64\jre\21.0.10-win32-x86_64\bin\extnet.dll

Deoptimization events (20 events):
Event: 6712.338 Thread 0x0000026c520063b0 Uncommon trap: trap_request=0xffffff45 fr.pc=0x0000026c08228d28 relative=0x0000000000000268
Event: 6712.338 Thread 0x0000026c520063b0 Uncommon trap: reason=unstable_if action=reinterpret pc=0x0000026c08228d28 method=org.eclipse.jdt.core.compiler.CharOperation.equals([C[CZ)Z @ 1 c2
Event: 6712.338 Thread 0x0000026c520063b0 DEOPT PACKING pc=0x0000026c08228d28 sp=0x0000007201dfe900
Event: 6712.338 Thread 0x0000026c520063b0 DEOPT UNPACKING pc=0x0000026c07583aa2 sp=0x0000007201dfe890 mode 2
Event: 6756.711 Thread 0x0000026c79552ab0 DEOPT PACKING pc=0x0000026c005c5ce9 sp=0x0000007203ffda60
Event: 6756.712 Thread 0x0000026c79552ab0 DEOPT UNPACKING pc=0x0000026c07584242 sp=0x0000007203ffcf48 mode 0
Event: 7357.344 Thread 0x0000026c52005000 Uncommon trap: trap_request=0xffffff6e fr.pc=0x0000026c08b4ef88 relative=0x0000000000000308
Event: 7357.344 Thread 0x0000026c52005000 Uncommon trap: reason=loop_limit_check action=maybe_recompile pc=0x0000026c08b4ef88 method=org.eclipse.jdt.internal.core.util.CommentRecorderParser.checkComment()V @ 202 c2
Event: 7357.344 Thread 0x0000026c52005000 DEOPT PACKING pc=0x0000026c08b4ef88 sp=0x00000072023fd8a0
Event: 7357.345 Thread 0x0000026c52005000 DEOPT UNPACKING pc=0x0000026c07583aa2 sp=0x00000072023fd810 mode 2
Event: 7357.351 Thread 0x0000026c79553140 Uncommon trap: trap_request=0xffffff6e fr.pc=0x0000026c08b78b64 relative=0x0000000000000404
Event: 7357.351 Thread 0x0000026c79553140 Uncommon trap: reason=loop_limit_check action=maybe_recompile pc=0x0000026c08b78b64 method=org.eclipse.jdt.internal.compiler.parser.Parser.flushCommentsDefinedPriorTo(I)I @ 59 c2
Event: 7357.351 Thread 0x0000026c79553140 DEOPT PACKING pc=0x0000026c08b78b64 sp=0x0000007201efd110
Event: 7357.352 Thread 0x0000026c79553140 DEOPT UNPACKING pc=0x0000026c07583aa2 sp=0x0000007201efd0b0 mode 2
Event: 7357.579 Thread 0x0000026c79553140 DEOPT PACKING pc=0x0000026c01f76db7 sp=0x0000007201efe680
Event: 7357.579 Thread 0x0000026c79553140 DEOPT UNPACKING pc=0x0000026c07584242 sp=0x0000007201efdb70 mode 0
Event: 7535.086 Thread 0x0000026c79553140 Uncommon trap: trap_request=0xffffff45 fr.pc=0x0000026c08b5d7c0 relative=0x00000000000000a0
Event: 7535.087 Thread 0x0000026c79553140 Uncommon trap: reason=unstable_if action=reinterpret pc=0x0000026c08b5d7c0 method=com.sun.org.apache.xerces.internal.dom.NodeImpl.ownerDocument()Lcom/sun/org/apache/xerces/internal/dom/CoreDocumentImpl; @ 4 c2
Event: 7535.087 Thread 0x0000026c79553140 DEOPT PACKING pc=0x0000026c08b5d7c0 sp=0x0000007201efebf0
Event: 7535.088 Thread 0x0000026c79553140 DEOPT UNPACKING pc=0x0000026c07583aa2 sp=0x0000007201efeb90 mode 2

Classes loaded (20 events):
Event: 4075.670 Loading class jdk/internal/module/IllegalAccessLogger
Event: 4075.671 Loading class jdk/internal/module/IllegalAccessLogger done
Event: 4127.825 Loading class jdk/internal/module/IllegalAccessLogger
Event: 4127.826 Loading class jdk/internal/module/IllegalAccessLogger done
Event: 4145.667 Loading class java/lang/Throwable$WrappedPrintWriter
Event: 4145.668 Loading class java/lang/Throwable$PrintStreamOrWriter
Event: 4145.669 Loading class java/lang/Throwable$PrintStreamOrWriter done
Event: 4145.669 Loading class java/lang/Throwable$WrappedPrintWriter done
Event: 4149.751 Loading class jdk/internal/module/IllegalAccessLogger
Event: 4149.754 Loading class jdk/internal/module/IllegalAccessLogger done
Event: 4743.691 Loading class jdk/internal/module/IllegalAccessLogger
Event: 4743.692 Loading class jdk/internal/module/IllegalAccessLogger done
Event: 5621.273 Loading class java/util/ArrayDeque$DeqSpliterator
Event: 5621.289 Loading class java/util/ArrayDeque$DeqSpliterator done
Event: 6660.904 Loading class java/lang/StringLatin1$CharsSpliterator
Event: 6660.922 Loading class java/lang/StringLatin1$CharsSpliterator done
Event: 6668.418 Loading class jdk/internal/module/IllegalAccessLogger
Event: 6668.418 Loading class jdk/internal/module/IllegalAccessLogger done
Event: 6704.847 Loading class jdk/internal/module/IllegalAccessLogger
Event: 6704.847 Loading class jdk/internal/module/IllegalAccessLogger done

Classes unloaded (20 events):
Event: 3617.913 Thread 0x0000026c771446d0 Unloading class 0x0000026c1008ac00 'java/lang/invoke/LambdaForm$MH+0x0000026c1008ac00'
Event: 3617.913 Thread 0x0000026c771446d0 Unloading class 0x0000026c1001ec00 'java/lang/invoke/LambdaForm$MH+0x0000026c1001ec00'
Event: 3617.913 Thread 0x0000026c771446d0 Unloading class 0x0000026c1000d800 'java/lang/invoke/LambdaForm$MH+0x0000026c1000d800'
Event: 3617.913 Thread 0x0000026c771446d0 Unloading class 0x0000026c1000d400 'java/lang/invoke/LambdaForm$MH+0x0000026c1000d400'
Event: 3617.913 Thread 0x0000026c771446d0 Unloading class 0x0000026c1000d000 'java/lang/invoke/LambdaForm$MH+0x0000026c1000d000'
Event: 3617.913 Thread 0x0000026c771446d0 Unloading class 0x0000026c1000cc00 'java/lang/invoke/LambdaForm$MH+0x0000026c1000cc00'
Event: 3617.913 Thread 0x0000026c771446d0 Unloading class 0x0000026c1000c800 'java/lang/invoke/LambdaForm$BMH+0x0000026c1000c800'
Event: 3617.913 Thread 0x0000026c771446d0 Unloading class 0x0000026c1000c000 'java/lang/invoke/LambdaForm$DMH+0x0000026c1000c000'
Event: 3617.913 Thread 0x0000026c771446d0 Unloading class 0x0000026c10008c00 'java/lang/invoke/LambdaForm$MH+0x0000026c10008c00'
Event: 3617.913 Thread 0x0000026c771446d0 Unloading class 0x0000026c10008800 'java/lang/invoke/LambdaForm$MH+0x0000026c10008800'
Event: 3617.913 Thread 0x0000026c771446d0 Unloading class 0x0000026c10008400 'java/lang/invoke/LambdaForm$MH+0x0000026c10008400'
Event: 3617.914 Thread 0x0000026c771446d0 Unloading class 0x0000026c10007000 'java/lang/invoke/LambdaForm$MH+0x0000026c10007000'
Event: 3617.914 Thread 0x0000026c771446d0 Unloading class 0x0000026c10006800 'java/lang/invoke/LambdaForm$MH+0x0000026c10006800'
Event: 3617.914 Thread 0x0000026c771446d0 Unloading class 0x0000026c10006400 'java/lang/invoke/LambdaForm$MH+0x0000026c10006400'
Event: 3617.914 Thread 0x0000026c771446d0 Unloading class 0x0000026c10006000 'java/lang/invoke/LambdaForm$MH+0x0000026c10006000'
Event: 3617.914 Thread 0x0000026c771446d0 Unloading class 0x0000026c10005c00 'java/lang/invoke/LambdaForm$BMH+0x0000026c10005c00'
Event: 3617.914 Thread 0x0000026c771446d0 Unloading class 0x0000026c10004800 'java/lang/invoke/LambdaForm$DMH+0x0000026c10004800'
Event: 3617.914 Thread 0x0000026c771446d0 Unloading class 0x0000026c10002400 'java/lang/invoke/LambdaForm$MH+0x0000026c10002400'
Event: 3617.914 Thread 0x0000026c771446d0 Unloading class 0x0000026c10002000 'java/lang/invoke/LambdaForm$MH+0x0000026c10002000'
Event: 3617.914 Thread 0x0000026c771446d0 Unloading class 0x0000026c10001800 'java/lang/invoke/LambdaForm$MH+0x0000026c10001800'

Classes redefined (0 events):
No events

Internal exceptions (20 events):
Event: 4128.110 Thread 0x0000026c79551d90 Exception <a 'sun/nio/fs/WindowsException'{0x00000000d5783030}> (0x00000000d5783030) 
thrown [s\src\hotspot\share\prims\jni.cpp, line 520]
Event: 4145.654 Thread 0x0000026c52005690 Exception <a 'java/lang/NullPointerException'{0x00000000d56f38a8}> (0x00000000d56f38a8) 
thrown [s\src\hotspot\share\interpreter\linkResolver.cpp, line 1372]
Event: 4149.609 Thread 0x0000026c79551d90 Exception <a 'sun/nio/fs/WindowsException'{0x00000000d56586c0}> (0x00000000d56586c0) 
thrown [s\src\hotspot\share\prims\jni.cpp, line 520]
Event: 4152.700 Thread 0x0000026c79551d90 Exception <a 'sun/nio/fs/WindowsException'{0x00000000d5663610}> (0x00000000d5663610) 
thrown [s\src\hotspot\share\prims\jni.cpp, line 520]
Event: 4375.048 Thread 0x0000026c7e4b4e50 Exception <a 'sun/nio/fs/WindowsException'{0x00000000d559d488}> (0x00000000d559d488) 
thrown [s\src\hotspot\share\prims\jni.cpp, line 520]
Event: 4375.054 Thread 0x0000026c7e4b4e50 Exception <a 'sun/nio/fs/WindowsException'{0x00000000d559e0c0}> (0x00000000d559e0c0) 
thrown [s\src\hotspot\share\prims\jni.cpp, line 520]
Event: 4743.221 Thread 0x0000026c79551d90 Exception <a 'sun/nio/fs/WindowsException'{0x00000000d55a6120}> (0x00000000d55a6120) 
thrown [s\src\hotspot\share\prims\jni.cpp, line 520]
Event: 4744.006 Thread 0x0000026c79551d90 Exception <a 'sun/nio/fs/WindowsException'{0x00000000d5679f48}> (0x00000000d5679f48) 
thrown [s\src\hotspot\share\prims\jni.cpp, line 520]
Event: 5043.259 Thread 0x0000026c505a8ea0 Exception <a 'sun/nio/fs/WindowsException'{0x00000000d5706d40}> (0x00000000d5706d40) 
thrown [s\src\hotspot\share\prims\jni.cpp, line 520]
Event: 5043.260 Thread 0x0000026c505a8ea0 Exception <a 'sun/nio/fs/WindowsException'{0x00000000d5707718}> (0x00000000d5707718) 
thrown [s\src\hotspot\share\prims\jni.cpp, line 520]
Event: 5919.727 Thread 0x0000026c520070d0 Exception <a 'sun/nio/fs/WindowsException'{0x00000000d57e6c18}> (0x00000000d57e6c18) 
thrown [s\src\hotspot\share\prims\jni.cpp, line 520]
Event: 5919.731 Thread 0x0000026c520070d0 Exception <a 'sun/nio/fs/WindowsException'{0x00000000d57e75f0}> (0x00000000d57e75f0) 
thrown [s\src\hotspot\share\prims\jni.cpp, line 520]
Event: 6668.064 Thread 0x0000026c79551d90 Exception <a 'sun/nio/fs/WindowsException'{0x00000000d56ad080}> (0x00000000d56ad080) 
thrown [s\src\hotspot\share\prims\jni.cpp, line 520]
Event: 6669.161 Thread 0x0000026c79551d90 Exception <a 'sun/nio/fs/WindowsException'{0x00000000d55f3330}> (0x00000000d55f3330) 
thrown [s\src\hotspot\share\prims\jni.cpp, line 520]
Event: 6704.537 Thread 0x0000026c79551d90 Exception <a 'sun/nio/fs/WindowsException'{0x00000000d56a03d0}> (0x00000000d56a03d0) 
thrown [s\src\hotspot\share\prims\jni.cpp, line 520]
Event: 6705.170 Thread 0x0000026c79551d90 Exception <a 'sun/nio/fs/WindowsException'{0x00000000d5822d70}> (0x00000000d5822d70) 
thrown [s\src\hotspot\share\prims\jni.cpp, line 520]
Event: 6968.152 Thread 0x0000026c7e4b8ff0 Exception <a 'sun/nio/fs/WindowsException'{0x00000000d594b9b0}> (0x00000000d594b9b0) 
thrown [s\src\hotspot\share\prims\jni.cpp, line 520]
Event: 6968.158 Thread 0x0000026c7e4b8ff0 Exception <a 'sun/nio/fs/WindowsException'{0x00000000d594e7a8}> (0x00000000d594e7a8) 
thrown [s\src\hotspot\share\prims\jni.cpp, line 520]
Event: 7535.248 Thread 0x0000026c79553140 Exception <a 'sun/nio/fs/WindowsException'{0x00000000d56a6350}> (0x00000000d56a6350) 
thrown [s\src\hotspot\share\prims\jni.cpp, line 520]
Event: 7535.250 Thread 0x0000026c79553140 Exception <a 'sun/nio/fs/WindowsException'{0x00000000d56a6d48}> (0x00000000d56a6d48) 
thrown [s\src\hotspot\share\prims\jni.cpp, line 520]

ZGC Phase Switch (0 events):
No events

VM Operations (20 events):
Event: 7937.242 Executing non-safepoint VM operation: RendezvousGCThreads
Event: 7937.242 Executing non-safepoint VM operation: RendezvousGCThreads done
Event: 7997.343 Executing non-safepoint VM operation: HandshakeAllThreads (HandshakeForDeflation)
Event: 7997.345 Executing non-safepoint VM operation: HandshakeAllThreads (HandshakeForDeflation) done
Event: 7997.345 Executing non-safepoint VM operation: RendezvousGCThreads
Event: 7997.345 Executing non-safepoint VM operation: RendezvousGCThreads done
Event: 8057.451 Executing non-safepoint VM operation: HandshakeAllThreads (HandshakeForDeflation)
Event: 8057.454 Executing non-safepoint VM operation: HandshakeAllThreads (HandshakeForDeflation) done
Event: 8057.454 Executing non-safepoint VM operation: RendezvousGCThreads
Event: 8057.454 Executing non-safepoint VM operation: RendezvousGCThreads done
Event: 8106.994 Executing safepoint VM operation: ParallelGCFailedAllocation (Allocation Failure)
Event: 8107.183 Executing safepoint VM operation: ParallelGCFailedAllocation (Allocation Failure) done
Event: 8108.096 Executing safepoint VM operation: ParallelGCFailedAllocation (Allocation Failure)
Event: 8108.100 Executing safepoint VM operation: ParallelGCFailedAllocation (Allocation Failure) done
Event: 8109.113 Executing safepoint VM operation: Cleanup
Event: 8109.113 Executing safepoint VM operation: Cleanup done
Event: 8117.464 Executing non-safepoint VM operation: HandshakeAllThreads (HandshakeForDeflation)
Event: 8117.464 Executing non-safepoint VM operation: HandshakeAllThreads (HandshakeForDeflation) done
Event: 8117.464 Executing non-safepoint VM operation: RendezvousGCThreads
Event: 8117.464 Executing non-safepoint VM operation: RendezvousGCThreads done

Memory protections (0 events):
No events

Nmethod flushes (20 events):
Event: 3619.546 Thread 0x0000026c771446d0 flushing osr nmethod 0x0000026c010e9590
Event: 3619.546 Thread 0x0000026c771446d0 flushing  nmethod 0x0000026c010fe910
Event: 3619.546 Thread 0x0000026c771446d0 flushing  nmethod 0x0000026c01124510
Event: 3619.546 Thread 0x0000026c771446d0 flushing  nmethod 0x0000026c01140110
Event: 3619.546 Thread 0x0000026c771446d0 flushing  nmethod 0x0000026c01143290
Event: 3619.546 Thread 0x0000026c771446d0 flushing  nmethod 0x0000026c01147810
Event: 3619.546 Thread 0x0000026c771446d0 flushing  nmethod 0x0000026c01149a90
Event: 3619.546 Thread 0x0000026c771446d0 flushing  nmethod 0x0000026c0114bc90
Event: 3619.546 Thread 0x0000026c771446d0 flushing  nmethod 0x0000026c0114ca10
Event: 3619.546 Thread 0x0000026c771446d0 flushing  nmethod 0x0000026c01152310
Event: 3619.547 Thread 0x0000026c771446d0 flushing  nmethod 0x0000026c01156010
Event: 3619.547 Thread 0x0000026c771446d0 flushing  nmethod 0x0000026c01157090
Event: 3619.547 Thread 0x0000026c771446d0 flushing  nmethod 0x0000026c0115ad10
Event: 3619.547 Thread 0x0000026c771446d0 flushing  nmethod 0x0000026c01164090
Event: 3619.547 Thread 0x0000026c771446d0 flushing  nmethod 0x0000026c01167e90
Event: 3619.548 Thread 0x0000026c771446d0 flushing osr nmethod 0x0000026c01168690
Event: 3619.548 Thread 0x0000026c771446d0 flushing  nmethod 0x0000026c01211e10
Event: 3619.548 Thread 0x0000026c771446d0 flushing  nmethod 0x0000026c01213010
Event: 3619.548 Thread 0x0000026c771446d0 flushing  nmethod 0x0000026c01213890
Event: 3619.548 Thread 0x0000026c771446d0 flushing  nmethod 0x0000026c01214010

Events (20 events):
Event: 7522.749 Thread 0x0000026c52005000 Thread exited: 0x0000026c52005000
Event: 7535.192 Thread 0x0000026c79553140 Thread added: 0x0000026c7e4b47c0
Event: 7535.203 Thread 0x0000026c7e4b47c0 Thread exited: 0x0000026c7e4b47c0
Event: 7535.266 Thread 0x0000026c79553140 Thread added: 0x0000026c7e4b47c0
Event: 7535.268 Thread 0x0000026c7e4b47c0 Thread exited: 0x0000026c7e4b47c0
Event: 7582.769 Thread 0x0000026c520070d0 Thread exited: 0x0000026c520070d0
Event: 7642.793 Thread 0x0000026c52005690 Thread exited: 0x0000026c52005690
Event: 7702.800 Thread 0x0000026c520063b0 Thread exited: 0x0000026c520063b0
Event: 7762.935 Thread 0x0000026c52003c50 Thread exited: 0x0000026c52003c50
Event: 7822.873 Thread 0x0000026c52006a40 Thread exited: 0x0000026c52006a40
Event: 7882.873 Thread 0x0000026c520042e0 Thread exited: 0x0000026c520042e0
Event: 7899.995 Thread 0x0000026c79553140 Thread added: 0x0000026c7e4b3aa0
Event: 7899.998 Thread 0x0000026c7e4b3aa0 Thread added: 0x0000026c7e4b26f0
Event: 7901.719 Thread 0x0000026c79552ab0 Thread added: 0x0000026c7e4b75b0
Event: 7961.726 Thread 0x0000026c79553140 Thread exited: 0x0000026c79553140
Event: 7961.726 Thread 0x0000026c79552ab0 Thread exited: 0x0000026c79552ab0
Event: 8021.945 Thread 0x0000026c7e4b75b0 Thread exited: 0x0000026c7e4b75b0
Event: 8106.633 Thread 0x0000026c505a60b0 Thread added: 0x0000026c7e4b75b0
Event: 8106.637 Thread 0x0000026c7e4b75b0 Thread added: 0x0000026c7e4b47c0
Event: 8108.107 Thread 0x0000026c7e4b75b0 Thread added: 0x0000026c7e4b4e50


Dynamic libraries:
0x00007ff7bcbb0000 - 0x00007ff7bcbbe000 	c:\Users\Hi\.vscode\extensions\redhat.java-1.54.0-win32-x64\jre\21.0.10-win32-x86_64\bin\java.exe
0x00007fffc4ae0000 - 0x00007fffc4d47000 	C:\WINDOWS\SYSTEM32\ntdll.dll
0x00007fffc2d60000 - 0x00007fffc2e29000 	C:\WINDOWS\System32\KERNEL32.DLL
0x00007fffc23c0000 - 0x00007fffc27b1000 	C:\WINDOWS\System32\KERNELBASE.dll
0x00007fffbdc70000 - 0x00007fffbdd0f000 	C:\WINDOWS\SYSTEM32\apphelp.dll
0x00007fffc1fd0000 - 0x00007fffc211b000 	C:\WINDOWS\System32\ucrtbase.dll
0x00007fff8c470000 - 0x00007fff8c488000 	c:\Users\Hi\.vscode\extensions\redhat.java-1.54.0-win32-x64\jre\21.0.10-win32-x86_64\bin\jli.dll
0x00007fff8d4f0000 - 0x00007fff8d50e000 	c:\Users\Hi\.vscode\extensions\redhat.java-1.54.0-win32-x64\jre\21.0.10-win32-x86_64\bin\VCRUNTIME140.dll
0x00007fffc47e0000 - 0x00007fffc49a5000 	C:\WINDOWS\System32\USER32.dll
0x00007fffc21b0000 - 0x00007fffc21d7000 	C:\WINDOWS\System32\win32u.dll
0x00007fffc2880000 - 0x00007fffc28ab000 	C:\WINDOWS\System32\GDI32.dll
0x00007fffc21e0000 - 0x00007fffc230b000 	C:\WINDOWS\System32\gdi32full.dll
0x00007fffc2310000 - 0x00007fffc23b3000 	C:\WINDOWS\System32\msvcp_win.dll
0x00007fffab650000 - 0x00007fffab8e3000 	C:\WINDOWS\WinSxS\amd64_microsoft.windows.common-controls_6595b64144ccf1df_6.0.26100.8037_none_3e092faae333b53b\COMCTL32.dll
0x00007fffc2fc0000 - 0x00007fffc3069000 	C:\WINDOWS\System32\msvcrt.dll
0x00007fffc2d20000 - 0x00007fffc2d51000 	C:\WINDOWS\System32\IMM32.DLL
0x00000000631e0000 - 0x00000000631ed000 	C:\Program Files (x86)\360\Total Security\safemon\SafeWrapper.dll
0x00007fffc2e30000 - 0x00007fffc2eeb000 	C:\WINDOWS\System32\ADVAPI32.dll
0x00007fffc32c0000 - 0x00007fffc3367000 	C:\WINDOWS\System32\sechost.dll
0x00007fffc3670000 - 0x00007fffc3788000 	C:\WINDOWS\System32\RPCRT4.dll
0x00007fffbc650000 - 0x00007fffbc755000 	C:\Program Files (x86)\360\Total Security\safemon\libzdtp64.dll
0x00007fffc3790000 - 0x00007fffc3eef000 	C:\WINDOWS\System32\SHELL32.dll
0x00007fffc13c0000 - 0x00007fffc152a000 	C:\WINDOWS\System32\wintypes.dll
0x00007fffc28b0000 - 0x00007fffc2c32000 	C:\WINDOWS\System32\combase.dll
0x00007fffc4590000 - 0x00007fffc45f7000 	C:\WINDOWS\System32\SHLWAPI.dll
0x00007fffc1530000 - 0x00007fffc1d94000 	C:\WINDOWS\System32\Windows.Storage.dll
0x00007fffc0ca0000 - 0x00007fffc0cab000 	C:\WINDOWS\SYSTEM32\VERSION.dll
0x00007fffa3570000 - 0x00007fffa357c000 	c:\Users\Hi\.vscode\extensions\redhat.java-1.54.0-win32-x64\jre\21.0.10-win32-x86_64\bin\vcruntime140_1.dll
0x00007fff33700000 - 0x00007fff3378d000 	c:\Users\Hi\.vscode\extensions\redhat.java-1.54.0-win32-x64\jre\21.0.10-win32-x86_64\bin\msvcp140.dll
0x00007ffed66f0000 - 0x00007ffed7491000 	c:\Users\Hi\.vscode\extensions\redhat.java-1.54.0-win32-x64\jre\21.0.10-win32-x86_64\bin\server\jvm.dll
0x00007fffc2f40000 - 0x00007fffc2fb4000 	C:\WINDOWS\System32\WS2_32.dll
0x00007fffc1220000 - 0x00007fffc127e000 	C:\WINDOWS\SYSTEM32\POWRPROF.dll
0x00007fffbb630000 - 0x00007fffbb665000 	C:\WINDOWS\SYSTEM32\WINMM.dll
0x00007fffc1200000 - 0x00007fffc1214000 	C:\WINDOWS\SYSTEM32\UMPDC.dll
0x00007fffc00e0000 - 0x00007fffc00fb000 	C:\WINDOWS\SYSTEM32\kernel.appcore.dll
0x00007fff90f40000 - 0x00007fff90f4a000 	c:\Users\Hi\.vscode\extensions\redhat.java-1.54.0-win32-x64\jre\21.0.10-win32-x86_64\bin\jimage.dll
0x00007fffbef30000 - 0x00007fffbf172000 	C:\WINDOWS\SYSTEM32\DBGHELP.DLL
0x00007fffc44a0000 - 0x00007fffc4577000 	C:\WINDOWS\System32\OLEAUT32.dll
0x00007fffa5c60000 - 0x00007fffa5c9b000 	C:\WINDOWS\SYSTEM32\dbgcore.DLL
0x00007fffc1da0000 - 0x00007fffc1e45000 	C:\WINDOWS\System32\bcryptPrimitives.dll
0x00007fff8f970000 - 0x00007fff8f97f000 	c:\Users\Hi\.vscode\extensions\redhat.java-1.54.0-win32-x64\jre\21.0.10-win32-x86_64\bin\instrument.dll
0x00007fff8c2e0000 - 0x00007fff8c300000 	c:\Users\Hi\.vscode\extensions\redhat.java-1.54.0-win32-x64\jre\21.0.10-win32-x86_64\bin\java.dll
0x00007fffc43a0000 - 0x00007fffc4497000 	C:\WINDOWS\System32\SHCORE.dll
0x00007fffc12e0000 - 0x00007fffc1309000 	C:\WINDOWS\SYSTEM32\profapi.dll
0x00007fff891f0000 - 0x00007fff89208000 	c:\Users\Hi\.vscode\extensions\redhat.java-1.54.0-win32-x64\jre\21.0.10-win32-x86_64\bin\zip.dll
0x00007fff8dd10000 - 0x00007fff8dd20000 	C:\Users\Hi\.vscode\extensions\redhat.java-1.54.0-win32-x64\jre\21.0.10-win32-x86_64\bin\net.dll
0x00007fffb7810000 - 0x00007fffb7937000 	C:\WINDOWS\SYSTEM32\WINHTTP.dll
0x00007fffc0650000 - 0x00007fffc06bb000 	C:\WINDOWS\system32\mswsock.dll
0x00007fff88bd0000 - 0x00007fff88be6000 	C:\Users\Hi\.vscode\extensions\redhat.java-1.54.0-win32-x64\jre\21.0.10-win32-x86_64\bin\nio.dll
0x00007fff8d8c0000 - 0x00007fff8d8d0000 	c:\Users\Hi\.vscode\extensions\redhat.java-1.54.0-win32-x64\jre\21.0.10-win32-x86_64\bin\verify.dll
0x00007fff7f720000 - 0x00007fff7f765000 	C:\Users\Hi\AppData\Roaming\Code\User\globalStorage\redhat.java\1.54.0\config_win\org.eclipse.equinox.launcher\org.eclipse.equinox.launcher.win32.win32.x86_64_1.3.0.v20260203-2149\eclipse_11919.dll
0x00007fffc3120000 - 0x00007fffc32b5000 	C:\WINDOWS\System32\ole32.dll
0x00007fffc0930000 - 0x00007fffc094b000 	C:\WINDOWS\SYSTEM32\CRYPTSP.dll
0x00007fffc0020000 - 0x00007fffc0059000 	C:\WINDOWS\system32\rsaenh.dll
0x00007fffc0700000 - 0x00007fffc0732000 	C:\WINDOWS\SYSTEM32\USERENV.dll
0x00007fffc12b0000 - 0x00007fffc12da000 	C:\WINDOWS\SYSTEM32\bcrypt.dll
0x00007fffc0950000 - 0x00007fffc095c000 	C:\WINDOWS\SYSTEM32\CRYPTBASE.dll
0x00007fffbfa80000 - 0x00007fffbfab3000 	C:\WINDOWS\SYSTEM32\IPHLPAPI.DLL
0x00007fffc3480000 - 0x00007fffc348a000 	C:\WINDOWS\System32\NSI.dll
0x00007fff6bf10000 - 0x00007fff6bf59000 	C:\Users\Hi\AppData\Local\Temp\jna-2337\jna15430837092191125993.dll
0x00007fffc4580000 - 0x00007fffc4588000 	C:\WINDOWS\System32\PSAPI.DLL
0x00007fffb77a0000 - 0x00007fffb77bd000 	C:\WINDOWS\SYSTEM32\dhcpcsvc6.DLL
0x00007fffb7770000 - 0x00007fffb7793000 	C:\WINDOWS\SYSTEM32\dhcpcsvc.DLL
0x00007fffb7e10000 - 0x00007fffb7e1e000 	C:\Users\Hi\.vscode\extensions\redhat.java-1.54.0-win32-x64\jre\21.0.10-win32-x86_64\bin\sunmscapi.dll
0x00007fffc1e50000 - 0x00007fffc1fc7000 	C:\WINDOWS\System32\CRYPT32.dll
0x00007fffc0b50000 - 0x00007fffc0b80000 	C:\WINDOWS\SYSTEM32\ncrypt.dll
0x00007fffc0b00000 - 0x00007fffc0b3f000 	C:\WINDOWS\SYSTEM32\NTASN1.dll
0x00007fffbfb30000 - 0x00007fffbfc5a000 	C:\WINDOWS\SYSTEM32\DNSAPI.dll
0x00007fffac080000 - 0x00007fffac08b000 	C:\Windows\System32\rasadhlp.dll
0x00007fffb67f0000 - 0x00007fffb6876000 	C:\WINDOWS\System32\fwpuclnt.dll
0x00007fffa9520000 - 0x00007fffa9529000 	C:\Users\Hi\.vscode\extensions\redhat.java-1.54.0-win32-x64\jre\21.0.10-win32-x86_64\bin\extnet.dll
0x00007fffc0200000 - 0x00007fffc0236000 	C:\WINDOWS\SYSTEM32\ntmarta.dll

JVMTI agents:
c:\Users\Hi\.vscode\extensions\redhat.java-1.54.0-win32-x64\lombok\lombok-1.18.39-4050.jar path:c:\Users\Hi\.vscode\extensions\redhat.java-1.54.0-win32-x64\jre\21.0.10-win32-x86_64\bin\instrument.dll, loaded, initialized, instrumentlib options:none

dbghelp: loaded successfully - version: 4.0.5 - missing functions: none
symbol engine: initialized successfully - sym options: 0x614 - pdb path: .;c:\Users\Hi\.vscode\extensions\redhat.java-1.54.0-win32-x64\jre\21.0.10-win32-x86_64\bin;C:\WINDOWS\SYSTEM32;C:\WINDOWS\WinSxS\amd64_microsoft.windows.common-controls_6595b64144ccf1df_6.0.26100.8037_none_3e092faae333b53b;C:\Program Files (x86)\360\Total Security\safemon;c:\Users\Hi\.vscode\extensions\redhat.java-1.54.0-win32-x64\jre\21.0.10-win32-x86_64\bin\server;C:\Users\Hi\AppData\Roaming\Code\User\globalStorage\redhat.java\1.54.0\config_win\org.eclipse.equinox.launcher\org.eclipse.equinox.launcher.win32.win32.x86_64_1.3.0.v20260203-2149;C:\Users\Hi\AppData\Local\Temp\jna-2337

VM Arguments:
jvm_args: --add-modules=ALL-SYSTEM --add-opens=java.base/java.util=ALL-UNNAMED --add-opens=java.base/java.lang=ALL-UNNAMED --add-opens=java.base/sun.nio.fs=ALL-UNNAMED -Declipse.application=org.eclipse.jdt.ls.core.id1 -Dosgi.bundles.defaultStartLevel=4 -Declipse.product=org.eclipse.jdt.ls.core.product -Djava.import.generatesMetadataFilesAtProjectRoot=false -DDetectVMInstallationsJob.disabled=true -Dfile.encoding=utf8 -XX:+UseParallelGC -XX:GCTimeRatio=4 -XX:AdaptiveSizePolicyWeight=90 -Dsun.zip.disableMemoryMapping=true -Xmx2G -Xms100m -Xlog:disable -javaagent:c:\Users\Hi\.vscode\extensions\redhat.java-1.54.0-win32-x64\lombok\lombok-1.18.39-4050.jar -XX:+HeapDumpOnOutOfMemoryError -XX:HeapDumpPath=c:\Users\Hi\AppData\Roaming\Code\User\workspaceStorage\ba8b2f102f62572c00f315fe9b6c262d\redhat.java -Daether.dependencyCollector.impl=bf 
java_command: c:\Users\Hi\.vscode\extensions\redhat.java-1.54.0-win32-x64\server\plugins\org.eclipse.equinox.launcher_1.7.100.v20251111-0406.jar -configuration c:\Users\Hi\AppData\Roaming\Code\User\globalStorage\redhat.java\1.54.0\config_win -data c:\Users\Hi\AppData\Roaming\Code\User\workspaceStorage\ba8b2f102f62572c00f315fe9b6c262d\redhat.java\jdt_ws --pipe=\\.\pipe\lsp-bb230acd19cc39a212b14bbb0d1da252-sock
java_class_path (initial): c:\Users\Hi\.vscode\extensions\redhat.java-1.54.0-win32-x64\server\plugins\org.eclipse.equinox.launcher_1.7.100.v20251111-0406.jar
Launcher Type: SUN_STANDARD

[Global flags]
    uintx AdaptiveSizePolicyWeight                 = 90                                        {product} {command line}
     intx CICompilerCount                          = 4                                         {product} {ergonomic}
    uintx GCTimeRatio                              = 4                                         {product} {command line}
     bool HeapDumpOnOutOfMemoryError               = true                                   {manageable} {command line}
    ccstr HeapDumpPath                             = c:\Users\Hi\AppData\Roaming\Code\User\workspaceStorage\ba8b2f102f62572c00f315fe9b6c262d\redhat.java         {manageable} {command line}
   size_t InitialHeapSize                          = 104857600                                 {product} {command line}
   size_t MaxHeapSize                              = 2147483648                                {product} {command line}
   size_t MaxNewSize                               = 715653120                                 {product} {ergonomic}
   size_t MinHeapDeltaBytes                        = 524288                                    {product} {ergonomic}
   size_t MinHeapSize                              = 104857600                                 {product} {command line}
   size_t NewSize                                  = 34603008                                  {product} {ergonomic}
    uintx NonNMethodCodeHeapSize                   = 5839372                                {pd product} {ergonomic}
    uintx NonProfiledCodeHeapSize                  = 122909434                              {pd product} {ergonomic}
   size_t OldSize                                  = 70254592                                  {product} {ergonomic}
    uintx ProfiledCodeHeapSize                     = 122909434                              {pd product} {ergonomic}
    uintx ReservedCodeCacheSize                    = 251658240                              {pd product} {ergonomic}
     bool SegmentedCodeCache                       = true                                      {product} {ergonomic}
   size_t SoftMaxHeapSize                          = 2147483648                             {manageable} {ergonomic}
     bool UseCompressedOops                        = true                           {product lp64_product} {ergonomic}
     bool UseLargePagesIndividualAllocation        = false                                  {pd product} {ergonomic}
     bool UseParallelGC                            = true                                      {product} {command line}

Logging:
Log output configuration:
 #0: stdout all=off uptime,level,tags foldmultilines=false
 #1: stderr all=off uptime,level,tags foldmultilines=false

Release file:
JAVA_VERSION="21.0.10" 
MODULES="java.base java.compiler java.datatransfer java.xml java.prefs java.desktop java.instrument java.logging java.management java.security.sasl java.naming java.rmi java.management.rmi java.net.http java.scripting java.security.jgss java.transaction.xa java.sql java.sql.rowset java.xml.crypto java.se java.smartcardio jdk.accessibility jdk.internal.jvmstat jdk.attach jdk.charsets jdk.internal.opt jdk.zipfs jdk.compiler jdk.crypto.ec jdk.crypto.cryptoki jdk.crypto.mscapi jdk.dynalink jdk.internal.ed jdk.editpad jdk.hotspot.agent jdk.httpserver jdk.internal.le jdk.internal.vm.ci jdk.internal.vm.compiler jdk.internal.vm.compiler.management jdk.jartool jdk.javadoc jdk.jcmd jdk.management jdk.management.agent jdk.jconsole jdk.jdeps jdk.jdwp.agent jdk.jdi jdk.jfr jdk.jshell jdk.jsobject jdk.jstatd jdk.localedata jdk.management.jfr jdk.naming.dns jdk.naming.rmi jdk.net jdk.nio.mapmode jdk.random jdk.sctp jdk.security.auth jdk.security.jgss jdk.unsupported jdk.unsupported.desktop jdk.xml.dom" 

Environment Variables:
JAVA_HOME=C:\Program Files\Eclipse Adoptium\jdk-17.0.17.10-hotspot
PATH=E:\Microsoft VS Code;C:\Program Files (x86)\NVIDIA Corporation\PhysX\Common;C:\Program Files\Eclipse Adoptium\jdk-17.0.17.10-hotspot\bin;C:\WINDOWS\system32;C:\WINDOWS;C:\WINDOWS\System32\Wbem;C:\WINDOWS\System32\WindowsPowerShell\v1.0\;C:\WINDOWS\System32\OpenSSH\;C:\MinGW\bin;C:\TDM-GCC-64\bin;C:\Program Files\Cloudflare\Cloudflare WARP\;C:\Program Files (x86)\Microsoft SQL Server\160\Tools\Binn\;C:\Program Files\Microsoft SQL Server\160\Tools\Binn\;C:\Program Files\Microsoft SQL Server\Client SDK\ODBC\170\Tools\Binn\;C:\Program Files\Microsoft SQL Server\160\DTS\Binn\;C:\Program Files\Docker\Docker\resources\bin;C:\Program Files\Git\cmd;C:\Program Files\nodejs\;C:\apache-maven-3.9.9\bin;C:\Program Files\Eclipse Adoptium\jdk-17.0.17.10-hotspot\bin;C:\Program Files\PuTTY\;C:\Users\Hi\Downloads\flutter_windows_3.41.6-stable\flutter\bin;C:\Users\Hi\AppData\Local\Programs\Python\Python313\Scripts\;C:\Users\Hi\AppData\Local\Programs\Python\Python313\;C:\Users\Hi\AppData\Local\Programs\Python\Launcher\;C:\Users\Hi\AppData\Local\Microsoft\WindowsApps;C:\Users\Hi\Downloads\winlibs-x86_64-posix-seh-gcc-12.1.0-mingw-w64msvcrt-10.0.0-r3\mingw64\bin;C:\MinGW\bin;C:\msys64\mingw64\bin;C:\TDM-GCC-64\bin;C:\Users\Hi\AppData\Roaming\npm;C:\apache-maven-3.9.11-bin\apache-maven-3.9.11\bin;E:\Microsoft VS Code\bin;C:\Program Files\Redis\;
USERNAME=Hi
OS=Windows_NT
PROCESSOR_IDENTIFIER=AMD64 Family 25 Model 80 Stepping 0, AuthenticAMD
TMP=C:\Users\Hi\AppData\Local\Temp
TEMP=C:\Users\Hi\AppData\Local\Temp




Periodic native trim disabled

---------------  S Y S T E M  ---------------

OS:
 Windows 11 , 64 bit Build 26100 (10.0.26100.7920)
OS uptime: 3 days 10:24 hours
Hyper-V role detected

CPU: total 12 (initial active 12) (12 cores per cpu, 2 threads per core) family 25 model 80 stepping 0 microcode 0xa500011, cx8, cmov, fxsr, ht, mmx, 3dnowpref, sse, sse2, sse3, ssse3, sse4a, sse4.1, sse4.2, popcnt, lzcnt, tsc, tscinvbit, avx, avx2, aes, erms, clmul, bmi1, bmi2, adx, sha, fma, vzeroupper, clflush, clflushopt, hv, rdtscp, rdpid, fsrm, f16c, cet_ss
Processor Information for the first 12 processors :
  Max Mhz: 2301, Current Mhz: 2010, Mhz Limit: 2301

Memory: 4k page, system-wide physical 7531M (378M free)
TotalPageFile size 28645M (AvailPageFile size 6M)
current process WorkingSet (physical memory assigned to process): 52M, peak: 507M
current process commit charge ("private bytes"): 1216M, peak: 1218M

vm_info: OpenJDK 64-Bit Server VM (21.0.10+7-LTS) for windows-amd64 JRE (21.0.10+7-LTS), built on 2026-01-20T00:00:00Z by "admin" with MS VC++ 17.12 (VS2022)

END.
